# JRE version: OpenJDK Runtime Environment (8.0_242-b01) (build 1.8.0_242-release-1644-b01)
# Java VM: OpenJDK 64-Bit Server VM (25.242-b01 mixed mode windows-amd64 compressed oops)
Heap:
 PSYoungGen      total 543232K, used 447393K [0x00000000d5580000, 0x0000000100000000, 0x0000000100000000)
  eden space 497664K, 81% used [0x00000000d5580000,0x00000000ee025448,0x00000000f3b80000)
  from space 45568K, 94% used [0x00000000f3b80000,0x00000000f65c3050,0x00000000f6800000)
  to   space 52224K, 0% used [0x00000000fcd00000,0x00000000fcd00000,0x0000000100000000)
 ParOldGen       total 165376K, used 81141K [0x0000000080000000, 0x000000008a180000, 0x00000000d5580000)
  object space 165376K, 49% used [0x0000000080000000,0x0000000084f3d788,0x000000008a180000)
 Metaspace       used 135885K, capacity 143334K, committed 143640K, reserved 1173504K
  class space    used 17513K, capacity 18927K, committed 18992K, reserved 1048576K
GC Heap History (10 events):
Event: 5883.174 GC heap before
{Heap before GC invocations=26 (full 4):
 PSYoungGen      total 372224K, used 369358K [0x00000000d5580000, 0x00000000f3780000, 0x0000000100000000)
  eden space 339968K, 100% used [0x00000000d5580000,0x00000000ea180000,0x00000000ea180000)
  from space 32256K, 91% used [0x00000000ea180000,0x00000000ebe33888,0x00000000ec100000)
  to   space 36864K, 0% used [0x00000000f1380000,0x00000000f1380000,0x00000000f3780000)
 ParOldGen       total 112640K, used 46738K [0x0000000080000000, 0x0000000086e00000, 0x00000000d5580000)
  object space 112640K, 41% used [0x0000000080000000,0x0000000082da4ab0,0x0000000086e00000)
 Metaspace       used 117727K, capacity 123832K, committed 123928K, reserved 1157120K
  class space    used 15242K, capacity 16410K, committed 16432K, reserved 1048576K
Event: 5886.988 GC heap after
Heap after GC invocations=26 (full 4):
 PSYoungGen      total 443392K, used 36861K [0x00000000d5580000, 0x00000000f5680000, 0x0000000100000000)
  eden space 406528K, 0% used [0x00000000d5580000,0x00000000d5580000,0x00000000ee280000)
  from space 36864K, 99% used [0x00000000f1380000,0x00000000f377f440,0x00000000f3780000)
  to   space 50176K, 0% used [0x00000000ee280000,0x00000000ee280000,0x00000000f1380000)
 ParOldGen       total 112640K, used 66138K [0x0000000080000000, 0x0000000086e00000, 0x00000000d5580000)
  object space 112640K, 58% used [0x0000000080000000,0x0000000084096880,0x0000000086e00000)
 Metaspace       used 117727K, capacity 123832K, committed 123928K, reserved 1157120K
  class space    used 15242K, capacity 16410K, committed 16432K, reserved 1048576K
}
Event: 6149.860 GC heap before
{Heap before GC invocations=27 (full 4):
 PSYoungGen      total 443392K, used 443389K [0x00000000d5580000, 0x00000000f5680000, 0x0000000100000000)
  eden space 406528K, 100% used [0x00000000d5580000,0x00000000ee280000,0x00000000ee280000)
  from space 36864K, 99% used [0x00000000f1380000,0x00000000f377f440,0x00000000f3780000)
  to   space 50176K, 0% used [0x00000000ee280000,0x00000000ee280000,0x00000000f1380000)
 ParOldGen       total 112640K, used 66138K [0x0000000080000000, 0x0000000086e00000, 0x00000000d5580000)
  object space 112640K, 58% used [0x0000000080000000,0x0000000084096880,0x0000000086e00000)
 Metaspace       used 121623K, capacity 128192K, committed 128280K, reserved 1161216K
  class space    used 15686K, capacity 16928K, committed 16944K, reserved 1048576K
Event: 6151.353 GC heap after
Heap after GC invocations=27 (full 4):
 PSYoungGen      total 456704K, used 15981K [0x00000000d5580000, 0x00000000f9a80000, 0x0000000100000000)
  eden space 406528K, 0% used [0x00000000d5580000,0x00000000d5580000,0x00000000ee280000)
  from space 50176K, 31% used [0x00000000ee280000,0x00000000ef21b710,0x00000000f1380000)
  to   space 47616K, 0% used [0x00000000f6c00000,0x00000000f6c00000,0x00000000f9a80000)
 ParOldGen       total 112640K, used 86820K [0x0000000080000000, 0x0000000086e00000, 0x00000000d5580000)
  object space 112640K, 77% used [0x0000000080000000,0x00000000854c9328,0x0000000086e00000)
 Metaspace       used 121623K, capacity 128192K, committed 128280K, reserved 1161216K
  class space    used 15686K, capacity 16928K, committed 16944K, reserved 1048576K
}
Event: 6183.612 GC heap before
{Heap before GC invocations=28 (full 4):
 PSYoungGen      total 456704K, used 422509K [0x00000000d5580000, 0x00000000f9a80000, 0x0000000100000000)
  eden space 406528K, 100% used [0x00000000d5580000,0x00000000ee280000,0x00000000ee280000)
  from space 50176K, 31% used [0x00000000ee280000,0x00000000ef21b710,0x00000000f1380000)
  to   space 47616K, 0% used [0x00000000f6c00000,0x00000000f6c00000,0x00000000f9a80000)
 ParOldGen       total 112640K, used 86820K [0x0000000080000000, 0x0000000086e00000, 0x00000000d5580000)
  object space 112640K, 77% used [0x0000000080000000,0x00000000854c9328,0x0000000086e00000)
 Metaspace       used 127309K, capacity 134084K, committed 134424K, reserved 1165312K
  class space    used 16393K, capacity 17669K, committed 17712K, reserved 1048576K
Event: 6184.121 GC heap after
Heap after GC invocations=28 (full 4):
 PSYoungGen      total 539136K, used 12249K [0x00000000d5580000, 0x00000000f9480000, 0x0000000100000000)
  eden space 497664K, 0% used [0x00000000d5580000,0x00000000d5580000,0x00000000f3b80000)
  from space 41472K, 29% used [0x00000000f6c00000,0x00000000f77f66d8,0x00000000f9480000)
  to   space 45568K, 0% used [0x00000000f3b80000,0x00000000f3b80000,0x00000000f6800000)
 ParOldGen       total 112640K, used 98394K [0x0000000080000000, 0x0000000086e00000, 0x00000000d5580000)
  object space 112640K, 87% used [0x0000000080000000,0x0000000086016b40,0x0000000086e00000)
 Metaspace       used 127309K, capacity 134084K, committed 134424K, reserved 1165312K
  class space    used 16393K, capacity 17669K, committed 17712K, reserved 1048576K
}
Event: 6184.122 GC heap before
{Heap before GC invocations=29 (full 5):
 PSYoungGen      total 539136K, used 12249K [0x00000000d5580000, 0x00000000f9480000, 0x0000000100000000)
  eden space 497664K, 0% used [0x00000000d5580000,0x00000000d5580000,0x00000000f3b80000)
  from space 41472K, 29% used [0x00000000f6c00000,0x00000000f77f66d8,0x00000000f9480000)
  to   space 45568K, 0% used [0x00000000f3b80000,0x00000000f3b80000,0x00000000f6800000)
 ParOldGen       total 112640K, used 98394K [0x0000000080000000, 0x0000000086e00000, 0x00000000d5580000)
  object space 112640K, 87% used [0x0000000080000000,0x0000000086016b40,0x0000000086e00000)
 Metaspace       used 127309K, capacity 134084K, committed 134424K, reserved 1165312K
  class space    used 16393K, capacity 17669K, committed 17712K, reserved 1048576K
Event: 6189.172 GC heap after
Heap after GC invocations=29 (full 5):
 PSYoungGen      total 539136K, used 0K [0x00000000d5580000, 0x00000000f9480000, 0x0000000100000000)
  eden space 497664K, 0% used [0x00000000d5580000,0x00000000d5580000,0x00000000f3b80000)
  from space 41472K, 0% used [0x00000000f6c00000,0x00000000f6c00000,0x00000000f9480000)
  to   space 45568K, 0% used [0x00000000f3b80000,0x00000000f3b80000,0x00000000f6800000)
 ParOldGen       total 165376K, used 81133K [0x0000000080000000, 0x000000008a180000, 0x00000000d5580000)
  object space 165376K, 49% used [0x0000000080000000,0x0000000084f3b788,0x000000008a180000)
 Metaspace       used 127215K, capacity 133804K, committed 134424K, reserved 1165312K
  class space    used 16364K, capacity 17622K, committed 17712K, reserved 1048576K
}
Event: 6216.995 GC heap before
{Heap before GC invocations=30 (full 5):
 PSYoungGen      total 539136K, used 497664K [0x00000000d5580000, 0x00000000f9480000, 0x0000000100000000)
  eden space 497664K, 100% used [0x00000000d5580000,0x00000000f3b80000,0x00000000f3b80000)
  from space 41472K, 0% used [0x00000000f6c00000,0x00000000f6c00000,0x00000000f9480000)
  to   space 45568K, 0% used [0x00000000f3b80000,0x00000000f3b80000,0x00000000f6800000)
 ParOldGen       total 165376K, used 81133K [0x0000000080000000, 0x000000008a180000, 0x00000000d5580000)
  object space 165376K, 49% used [0x0000000080000000,0x0000000084f3b788,0x000000008a180000)
 Metaspace       used 135680K, capacity 143074K, committed 143384K, reserved 1173504K
  class space    used 17498K, capacity 18915K, committed 18992K, reserved 1048576K
Event: 6219.980 GC heap after
Heap after GC invocations=30 (full 5):
 PSYoungGen      total 543232K, used 43276K [0x00000000d5580000, 0x0000000100000000, 0x0000000100000000)
  eden space 497664K, 0% used [0x00000000d5580000,0x00000000d5580000,0x00000000f3b80000)
  from space 45568K, 94% used [0x00000000f3b80000,0x00000000f65c3050,0x00000000f6800000)
  to   space 52224K, 0% used [0x00000000fcd00000,0x00000000fcd00000,0x0000000100000000)
 ParOldGen       total 165376K, used 81141K [0x0000000080000000, 0x000000008a180000, 0x00000000d5580000)
  object space 165376K, 49% used [0x0000000080000000,0x0000000084f3d788,0x000000008a180000)
 Metaspace       used 135680K, capacity 143074K, committed 143384K, reserved 1173504K
  class space    used 17498K, capacity 18915K, committed 18992K, reserved 1048576K
}

